<?xml version="1.0" encoding="UTF-8"?>
<!-- Generated by org.testng.reporters.JUnitXMLReporter -->
<testsuite ignored="2" hostname="ANUKIRAN" failures="1" tests="4" name="ChromeTest" time="20.556" errors="0" timestamp="2024-10-28T11:13:35 EDT">
  <testcase classname="testCase.LogInPageTest" name="verifyLogInWithValidData" time="1.293">
    <skipped/>
  </testcase> <!-- verifyLogInWithValidData -->
  <testcase classname="testCase.LogInPageTest" name="verifyLogInWithValidData" time="1.161">
    <skipped/>
  </testcase> <!-- verifyLogInWithValidData -->
  <testcase classname="testCase.LogInPageTest" name="verifyLogInWithValidData" time="1.075">
    <skipped/>
  </testcase> <!-- verifyLogInWithValidData -->
  <testcase classname="testCase.LogInPageTest" name="verifyLogInWithValidData" time="1.942">
    <failure type="java.lang.AssertionError" message="SignIn text not as expected expected [7rmart supermarket1] but found [7rmart supermarket]">
      <![CDATA[java.lang.AssertionError: SignIn text not as expected expected [7rmart supermarket1] but found [7rmart supermarket]
at testCase.LogInPageTest.verifyLogInWithValidData(LogInPageTest.java:25)
at java.base/java.util.ArrayList.forEach(ArrayList.java:1511)
at java.base/java.util.concurrent.FutureTask.run(FutureTask.java:264)
at java.base/java.util.concurrent.ThreadPoolExecutor.runWorker(ThreadPoolExecutor.java:1136)
at java.base/java.util.concurrent.ThreadPoolExecutor$Worker.run(ThreadPoolExecutor.java:635)
at java.base/java.lang.Thread.run(Thread.java:840)
... Removed 23 stack frames]]>
    </failure>
  </testcase> <!-- verifyLogInWithValidData -->
  <testcase classname="testCase.LogInPageTest" name="verifyLogInWithExcelData" time="0.0">
    <ignored/>
  </testcase> <!-- verifyLogInWithExcelData -->
  <testcase classname="testCase.LogInPageTest" name="verifyLogInWithInValidData" time="0.0">
    <ignored/>
  </testcase> <!-- verifyLogInWithInValidData -->
</testsuite> <!-- ChromeTest -->
